<?xml version="1.0" encoding="UTF-8"?>
<!-- Generated by org.testng.reporters.JUnitXMLReporter -->
<testsuite ignored="0" hostname="DESKTOP-EKLQ2FA" failures="0" tests="2" name="Default test" time="9.612" errors="0" timestamp="2024-08-18T11:52:21 ART">
  <testcase classname="pruebas.CP015_VerificarCamposDeshabilitados" name="iniciarSesion" time="7.301"/>
  <testcase classname="pruebas.CP015_VerificarCamposDeshabilitados" name="ordenarPedidosPorFecha" time="2.274"/>
</testsuite> <!-- Default test -->
