<?xml version="1.0" encoding="UTF-8"?>
<testng-results ignored="0" total="2" passed="2" failed="0" skipped="0">
  <reporter-output>
    <line>
      <![CDATA[======Launch Browser======]]>
    </line>
    <line>
      <![CDATA[======Navegador Cerrado======]]>
    </line>
  </reporter-output>
  <suite started-at="2024-08-18T11:52:11 ART" name="Default suite" finished-at="2024-08-18T11:52:20 ART" duration-ms="9612">
    <groups>
    </groups>
    <test started-at="2024-08-18T11:52:11 ART" name="Default test" finished-at="2024-08-18T11:52:20 ART" duration-ms="9612">
      <class name="pruebas.CP015_VerificarCamposDeshabilitados">
        <test-method signature="iniciarSesion()[pri:1, instance:pruebas.CP015_VerificarCamposDeshabilitados@6e0f5f7f]" started-at="2024-08-18T11:52:11 ART" name="iniciarSesion" finished-at="2024-08-18T11:52:18 ART" duration-ms="7301" status="PASS">
          <reporter-output>
            <line>
              <![CDATA[======Launch Browser======]]>
            </line>
          </reporter-output>
        </test-method> <!-- iniciarSesion -->
        <test-method signature="ordenarPedidosPorFecha()[pri:2, instance:pruebas.CP015_VerificarCamposDeshabilitados@6e0f5f7f]" started-at="2024-08-18T11:52:18 ART" name="ordenarPedidosPorFecha" finished-at="2024-08-18T11:52:20 ART" duration-ms="2274" status="PASS">
          <reporter-output>
          </reporter-output>
        </test-method> <!-- ordenarPedidosPorFecha -->
        <test-method is-config="true" signature="tearDown()[pri:0, instance:pruebas.CP015_VerificarCamposDeshabilitados@6e0f5f7f]" started-at="2024-08-18T11:52:20 ART" name="tearDown" finished-at="2024-08-18T11:52:20 ART" duration-ms="1" status="PASS">
          <reporter-output>
            <line>
              <![CDATA[======Navegador Cerrado======]]>
            </line>
          </reporter-output>
        </test-method> <!-- tearDown -->
      </class> <!-- pruebas.CP015_VerificarCamposDeshabilitados -->
    </test> <!-- Default test -->
  </suite> <!-- Default suite -->
</testng-results>
